<?xml version="1.0" encoding="UTF-8"?>
<!-- Generated by org.testng.reporters.JUnitXMLReporter -->
<testsuite ignored="0" hostname="DESKTOP-D7FC95S" failures="0" tests="4" name="Logged in user" time="15.559" errors="0" timestamp="2023-05-29T19:53:13 CEST">
  <testcase classname="testsWithLogin.LogoutTest" name="logout" time="0.942"/>
  <testcase classname="testsWithLogin.AddBackpackToCartTest" name="addBackpackTest" time="0.839"/>
  <testcase classname="testsWithLogin.AddRandomItemToCartTest" name="addRandomItemToCart" time="1.466"/>
  <testcase classname="testsWithLogin.AddMostExpensiveItemTest" name="addMostExpensiveItem" time="1.384"/>
</testsuite> <!-- Logged in user -->
