<?xml version="1.0" encoding="UTF-8"?>
<testng-results ignored="0" total="4" passed="4" failed="0" skipped="0">
  <reporter-output>
    <line>
      <![CDATA[OVO MI LOGUJEMO!]]>
    </line>
  </reporter-output>
  <suite started-at="2023-05-29T19:52:57 CEST" name="Functionalities of logged in user." finished-at="2023-05-29T19:53:13 CEST" duration-ms="15559">
    <groups>
    </groups>
    <test started-at="2023-05-29T19:52:57 CEST" name="Logged in user" finished-at="2023-05-29T19:53:13 CEST" duration-ms="15559">
      <class name="testsWithLogin.AddMostExpensiveItemTest">
        <test-method is-config="true" signature="setup()[pri:0, instance:testsWithLogin.AddMostExpensiveItemTest@4e91d63f]" started-at="2023-05-29T19:52:57 CEST" name="setup" finished-at="2023-05-29T19:53:10 CEST" duration-ms="12318" status="PASS">
          <reporter-output>
          </reporter-output>
        </test-method> <!-- setup -->
        <test-method signature="addMostExpensiveItem()[pri:0, instance:testsWithLogin.AddMostExpensiveItemTest@4e91d63f]" started-at="2023-05-29T19:53:10 CEST" name="addMostExpensiveItem" finished-at="2023-05-29T19:53:11 CEST" duration-ms="1384" status="PASS">
          <reporter-output>
            <line>
              <![CDATA[OVO MI LOGUJEMO!]]>
            </line>
          </reporter-output>
        </test-method> <!-- addMostExpensiveItem -->
        <test-method is-config="true" signature="tearDown()[pri:0, instance:testsWithLogin.AddMostExpensiveItemTest@4e91d63f]" started-at="2023-05-29T19:53:11 CEST" name="tearDown" finished-at="2023-05-29T19:53:12 CEST" duration-ms="1474" status="PASS">
          <reporter-output>
          </reporter-output>
        </test-method> <!-- tearDown -->
      </class> <!-- testsWithLogin.AddMostExpensiveItemTest -->
      <class name="testsWithLogin.AddRandomItemToCartTest">
        <test-method is-config="true" signature="setup()[pri:0, instance:testsWithLogin.AddRandomItemToCartTest@1a04f701]" started-at="2023-05-29T19:52:57 CEST" name="setup" finished-at="2023-05-29T19:53:09 CEST" duration-ms="11651" status="PASS">
          <reporter-output>
          </reporter-output>
        </test-method> <!-- setup -->
        <test-method signature="addRandomItemToCart()[pri:0, instance:testsWithLogin.AddRandomItemToCartTest@1a04f701]" started-at="2023-05-29T19:53:09 CEST" name="addRandomItemToCart" finished-at="2023-05-29T19:53:10 CEST" duration-ms="1466" status="PASS">
          <reporter-output>
          </reporter-output>
        </test-method> <!-- addRandomItemToCart -->
        <test-method is-config="true" signature="tearDown()[pri:0, instance:testsWithLogin.AddRandomItemToCartTest@1a04f701]" started-at="2023-05-29T19:53:10 CEST" name="tearDown" finished-at="2023-05-29T19:53:13 CEST" duration-ms="2367" status="PASS">
          <reporter-output>
          </reporter-output>
        </test-method> <!-- tearDown -->
      </class> <!-- testsWithLogin.AddRandomItemToCartTest -->
      <class name="testsWithLogin.LogoutTest">
        <test-method is-config="true" signature="setup()[pri:0, instance:testsWithLogin.LogoutTest@d4342c2]" started-at="2023-05-29T19:52:57 CEST" name="setup" finished-at="2023-05-29T19:53:07 CEST" duration-ms="9648" status="PASS">
          <reporter-output>
          </reporter-output>
        </test-method> <!-- setup -->
        <test-method signature="logout()[pri:0, instance:testsWithLogin.LogoutTest@d4342c2]" started-at="2023-05-29T19:53:07 CEST" name="logout" finished-at="2023-05-29T19:53:08 CEST" duration-ms="942" status="PASS">
          <reporter-output>
          </reporter-output>
        </test-method> <!-- logout -->
        <test-method is-config="true" signature="tearDown()[pri:0, instance:testsWithLogin.LogoutTest@d4342c2]" started-at="2023-05-29T19:53:08 CEST" name="tearDown" finished-at="2023-05-29T19:53:12 CEST" duration-ms="4514" status="PASS">
          <reporter-output>
          </reporter-output>
        </test-method> <!-- tearDown -->
      </class> <!-- testsWithLogin.LogoutTest -->
      <class name="testsWithLogin.AddBackpackToCartTest">
        <test-method is-config="true" signature="setup()[pri:0, instance:testsWithLogin.AddBackpackToCartTest@37918c79]" started-at="2023-05-29T19:52:57 CEST" name="setup" finished-at="2023-05-29T19:53:09 CEST" duration-ms="12047" status="PASS">
          <reporter-output>
          </reporter-output>
        </test-method> <!-- setup -->
        <test-method signature="addBackpackTest()[pri:0, instance:testsWithLogin.AddBackpackToCartTest@37918c79]" started-at="2023-05-29T19:53:09 CEST" name="addBackpackTest" finished-at="2023-05-29T19:53:10 CEST" duration-ms="839" status="PASS">
          <reporter-output>
          </reporter-output>
        </test-method> <!-- addBackpackTest -->
        <test-method is-config="true" signature="tearDown()[pri:0, instance:testsWithLogin.AddBackpackToCartTest@37918c79]" started-at="2023-05-29T19:53:10 CEST" name="tearDown" finished-at="2023-05-29T19:53:12 CEST" duration-ms="2370" status="PASS">
          <reporter-output>
          </reporter-output>
        </test-method> <!-- tearDown -->
      </class> <!-- testsWithLogin.AddBackpackToCartTest -->
    </test> <!-- Logged in user -->
  </suite> <!-- Functionalities of logged in user. -->
</testng-results>
